Arguments: 
  /Users/daniel.ward/.nvm/versions/node/v6.5.0/bin/node /usr/local/Cellar/yarn/1.0.1/libexec/bin/yarn.js init

PATH: 
  /Users/daniel.ward/.nvm/versions/node/v6.5.0/bin:/usr/local/bin:/usr/bin:/bin:/usr/sbin:/sbin:/opt/X11/bin

Yarn version: 
  1.0.1

Node version: 
  6.5.0

Platform: 
  darwin x64

npm manifest: 
  {
    "name": "ps-advanced-react",
    "version": "1.0.0",
    "main": "index.js",
    "license": "MIT"
  }

yarn manifest: 
  No manifest

Lockfile: 
  No lockfile

Trace: 
  Error: canceled
      at Interface.<anonymous> (/usr/local/Cellar/yarn/1.0.1/libexec/lib/cli.js:115284:13)
      at emitNone (events.js:86:13)
      at Interface.emit (events.js:185:7)
      at Interface._ttyWrite (readline.js:715:16)
      at ReadStream.onkeypress (readline.js:119:10)
      at emitTwo (events.js:106:13)
      at ReadStream.emit (events.js:191:7)
      at emitKeys (internal/readline.js:389:14)
      at next (native)
      at ReadStream.onData (readline.js:955:36)
